{"timestamp":"2026-04-13T12:10:03.468686Z","level":"info","event":"DAG bundles loaded: dags-folder","logger":"airflow.dag_processing.bundles.manager.DagBundlesManager","filename":"manager.py","lineno":209}
{"timestamp":"2026-04-13T12:10:03.478124Z","level":"info","event":"Filling up the DagBag from /opt/airflow/dags/local_etl_dag.py","logger":"airflow.dag_processing.dagbag.BundleDagBag","filename":"dagbag.py","lineno":469}
{"timestamp":"2026-04-13T12:10:04.016051Z","level":"info","event":"============================================================","logger":"task.stdout"}
{"timestamp":"2026-04-13T12:10:04.016970Z","level":"info","event":"TASK 4: Transforming Data (JSON processing)","logger":"task.stdout"}
{"timestamp":"2026-04-13T12:10:04.017277Z","level":"info","event":"============================================================","logger":"task.stdout"}
{"timestamp":"2026-04-13T12:10:04.050530Z","level":"info","event":"","logger":"task.stdout"}
{"timestamp":"2026-04-13T12:10:04.050932Z","level":"info","event":"Transformation Summary:","logger":"task.stdout"}
{"timestamp":"2026-04-13T12:10:04.051227Z","level":"info","event":"  Total Input Records: 11","logger":"task.stdout"}
{"timestamp":"2026-04-13T12:10:04.051676Z","level":"info","event":"  Total Output Records: 9","logger":"task.stdout"}
{"timestamp":"2026-04-13T12:10:04.052252Z","level":"info","event":"  Records Skipped: 2","logger":"task.stdout"}
{"timestamp":"2026-04-13T12:10:04.052664Z","level":"info","event":"  Files Processed: 2","logger":"task.stdout"}
{"timestamp":"2026-04-13T12:10:04.053008Z","level":"info","event":"","logger":"task.stdout"}
{"timestamp":"2026-04-13T12:10:04.053358Z","level":"info","event":"Transformations Applied:","logger":"task.stdout"}
{"timestamp":"2026-04-13T12:10:04.053665Z","level":"info","event":"  ✓ first_name + last_name → full_name","logger":"task.stdout"}
{"timestamp":"2026-04-13T12:10:04.054106Z","level":"info","event":"  ✓ dob: yyyy/mm/dd → dd/mm/yyyy","logger":"task.stdout"}
{"timestamp":"2026-04-13T12:10:04.054459Z","level":"info","event":"  ✓ Skip null/invalid records","logger":"task.stdout"}
{"timestamp":"2026-04-13T12:10:04.054826Z","level":"info","event":"","logger":"task.stdout"}
{"timestamp":"2026-04-13T12:10:04.055171Z","level":"info","event":"============================================================","logger":"task.stdout"}
{"timestamp":"2026-04-13T12:10:04.055447Z","level":"info","event":"OUTPUT FILES SAVED","logger":"task.stdout"}
{"timestamp":"2026-04-13T12:10:04.055718Z","level":"info","event":"============================================================","logger":"task.stdout"}
{"timestamp":"2026-04-13T12:10:04.056076Z","level":"info","event":"","logger":"task.stdout"}
{"timestamp":"2026-04-13T12:10:04.056366Z","level":"info","event":"Output Folder: /opt/airflow/data_folder/output","logger":"task.stdout"}
{"timestamp":"2026-04-13T12:10:04.056656Z","level":"info","event":"","logger":"task.stdout"}
{"timestamp":"2026-04-13T12:10:04.056993Z","level":"info","event":"✓ sample_data_cleaned.json","logger":"task.stdout"}
{"timestamp":"2026-04-13T12:10:04.057337Z","level":"info","event":"   Input: sample_data.json","logger":"task.stdout"}
{"timestamp":"2026-04-13T12:10:04.057708Z","level":"info","event":"   Records: 9","logger":"task.stdout"}
{"timestamp":"2026-04-13T12:10:04.058080Z","level":"info","event":"   Path: /opt/airflow/data_folder/output/sample_data_cleaned.json","logger":"task.stdout"}
{"timestamp":"2026-04-13T12:10:04.058404Z","level":"info","event":"","logger":"task.stdout"}
{"timestamp":"2026-04-13T12:10:04.058840Z","level":"info","event":"✓ sample_data_with_issues_cleaned.json","logger":"task.stdout"}
{"timestamp":"2026-04-13T12:10:04.059343Z","level":"info","event":"   Input: sample_data_with_issues.json","logger":"task.stdout"}
{"timestamp":"2026-04-13T12:10:04.059724Z","level":"info","event":"   Records: 0","logger":"task.stdout"}
{"timestamp":"2026-04-13T12:10:04.060035Z","level":"info","event":"   Path: /opt/airflow/data_folder/output/sample_data_with_issues_cleaned.json","logger":"task.stdout"}
{"timestamp":"2026-04-13T12:10:04.060449Z","level":"info","event":"","logger":"task.stdout"}
{"timestamp":"2026-04-13T12:10:04.060734Z","level":"info","event":"Output Format: JSON (human-readable)","logger":"task.stdout"}
{"timestamp":"2026-04-13T12:10:04.060998Z","level":"info","event":"Status: success","logger":"task.stdout"}
{"timestamp":"2026-04-13T12:10:04.061398Z","level":"info","event":"============================================================","logger":"task.stdout"}
{"timestamp":"2026-04-13T12:10:04.061960Z","level":"info","event":"","logger":"task.stdout"}
{"timestamp":"2026-04-13T12:10:04.076680Z","level":"info","event":"Done. Returned value was: {'status': 'success', 'timestamp': '2026-04-13T12:10:04.036903', 'files_processed': 2, 'total_records_input': 11, 'total_records_output': 9, 'records_skipped': 2, 'files': [{'filename': 'sample_data.json', 'path': '/opt/airflow/data_folder/sample_data.json', 'rows_input': 10, 'rows_output': 9, 'rows_skipped': 1, 'data': [{'id': 1, 'name': 'John Doe', 'email': 'john@example.com', 'amount': 1500.5, 'date': '2026-01-15', 'description': 'Monthly subscription payment', 'full_name': 'John Doe'}, {'id': 2, 'name': 'Jane Smith', 'email': 'jane@example.com', 'amount': 2500.0, 'date': '2026-01-16', 'description': 'Premium service upgrade', 'full_name': 'Jane Smith'}, {'id': 3, 'name': 'Bob Johnson', 'email': 'bob@example.com', 'amount': -500.0, 'date': '2026-01-17', 'description': 'Refund issued', 'full_name': 'Bob Johnson'}, {'id': 4, 'name': 'Alice Brown', 'email': 'alice@example.com', 'amount': 3000.25, 'date': '2026-01-18', 'description': None, 'full_name': 'Alice Brown'}, {'id': 5, 'name': 'Charlie Wilson', 'email': None, 'amount': 1800.0, 'date': 'invalid-date', 'description': 'Training session', 'full_name': 'Charlie Wilson'}, {'id': 6, 'name': 'Diana Prince', 'email': 'diana@example.com', 'amount': 4200.75, 'date': '2026-01-19', 'description': 'Enterprise license', 'full_name': 'Diana Prince'}, {'id': 8, 'name': 'Eve Davis', 'email': 'eve@example.com', 'amount': 5000.0, 'date': '2026-01-21', 'description': 'Annual contract', 'full_name': 'Eve Davis'}, {'id': 9, 'name': 'George Miller', 'email': None, 'amount': None, 'date': '2026-01-22', 'description': 'Pending review', 'full_name': 'George Miller'}, {'id': 10, 'name': 'Helen Taylor', 'email': 'helen@example.com', 'amount': 1200.0, 'date': '2026-01-23', 'description': 'Monthly renewal', 'full_name': 'Helen Taylor'}], 'output_file': '/opt/airflow/data_folder/output/sample_data_cleaned.json', 'output_filename': 'sample_data_cleaned.json', 'output_status': 'success', 'output_message': 'Saved 9 records'}, {'filename': 'sample_data_with_issues.json', 'path': '/opt/airflow/data_folder/sample_data_with_issues.json', 'rows_input': 1, 'rows_output': 0, 'rows_skipped': 1, 'data': [], 'output_file': '/opt/airflow/data_folder/output/sample_data_with_issues_cleaned.json', 'output_filename': 'sample_data_with_issues_cleaned.json', 'output_status': 'success', 'output_message': 'Saved 0 records'}], 'output_files': [{'input_file': 'sample_data.json', 'output_file': '/opt/airflow/data_folder/output/sample_data_cleaned.json', 'output_filename': 'sample_data_cleaned.json', 'records': 9, 'status': 'success'}, {'input_file': 'sample_data_with_issues.json', 'output_file': '/opt/airflow/data_folder/output/sample_data_with_issues_cleaned.json', 'output_filename': 'sample_data_with_issues_cleaned.json', 'records': 0, 'status': 'success'}], 'transformation_summary': {'sample_data.json': {'input_records': 10, 'output_records': 9, 'skipped_records': 1, 'output_file': '/opt/airflow/data_folder/output/sample_data_cleaned.json', 'transformations_applied': ['first_name + last_name → full_name', 'dob: yyyy/mm/dd → dd/mm/yyyy', 'skip records with null full_name or invalid dob']}, 'sample_data_with_issues.json': {'input_records': 1, 'output_records': 0, 'skipped_records': 1, 'output_file': '/opt/airflow/data_folder/output/sample_data_with_issues_cleaned.json', 'transformations_applied': ['first_name + last_name → full_name', 'dob: yyyy/mm/dd → dd/mm/yyyy', 'skip records with null full_name or invalid dob']}}, 'output_folder': '/opt/airflow/data_folder/output'}","logger":"airflow.task.operators.airflow.providers.standard.operators.python.PythonOperator","filename":"python.py","lineno":229}
{"timestamp":"2026-04-13T12:10:04.077116Z","level":"info","event":"Pushing xcom","ti":"RuntimeTaskInstance(id=UUID('019d86be-d1fd-7b89-b9ec-b3ea3d34c751'), task_id='transform_data', dag_id='local_etl_pipeline', run_id='manual__2026-04-13T12:09:05.596932+00:00', try_number=1, dag_version_id=UUID('019d8678-ab6d-79da-b839-993a89ef7dd0'), map_index=-1, hostname='aa77711e486e', context_carrier={'traceparent': '00-719853ee6b1860cb71bf7493fcdff241-e019c1a7234021dc-01'}, task=<Task(PythonOperator): transform_data>, bundle_instance=LocalDagBundle(name=dags-folder), max_tries=1, start_date=datetime.datetime(2026, 4, 13, 12, 10, 3, 431234, tzinfo=datetime.timezone.utc), end_date=None, state=<TaskInstanceState.RUNNING: 'running'>, is_mapped=False, rendered_map_index=None, sentry_integration='')","logger":"task","filename":"task_runner.py","lineno":1724}
