{"timestamp":"2026-04-13T11:02:25.185899Z","level":"info","event":"DAG bundles loaded: dags-folder","logger":"airflow.dag_processing.bundles.manager.DagBundlesManager","filename":"manager.py","lineno":209}
{"timestamp":"2026-04-13T11:02:25.193281Z","level":"info","event":"Filling up the DagBag from /opt/airflow/dags/local_etl_dag.py","logger":"airflow.dag_processing.dagbag.BundleDagBag","filename":"dagbag.py","lineno":469}
{"timestamp":"2026-04-13T11:02:25.730315Z","level":"info","event":"============================================================","logger":"task.stdout"}
{"timestamp":"2026-04-13T11:02:25.731162Z","level":"info","event":"TASK 4: Transforming Data (JSON processing)","logger":"task.stdout"}
{"timestamp":"2026-04-13T11:02:25.731579Z","level":"info","event":"============================================================","logger":"task.stdout"}
{"timestamp":"2026-04-13T11:02:25.744970Z","level":"info","event":"","logger":"task.stdout"}
{"timestamp":"2026-04-13T11:02:25.745625Z","level":"info","event":"Transformation Summary:","logger":"task.stdout"}
{"timestamp":"2026-04-13T11:02:25.746181Z","level":"info","event":"  Total Input Records: 11","logger":"task.stdout"}
{"timestamp":"2026-04-13T11:02:25.746685Z","level":"info","event":"  Total Output Records: 9","logger":"task.stdout"}
{"timestamp":"2026-04-13T11:02:25.747175Z","level":"info","event":"  Records Skipped: 2","logger":"task.stdout"}
{"timestamp":"2026-04-13T11:02:25.747677Z","level":"info","event":"  Files Processed: 2","logger":"task.stdout"}
{"timestamp":"2026-04-13T11:02:25.748210Z","level":"info","event":"","logger":"task.stdout"}
{"timestamp":"2026-04-13T11:02:25.748564Z","level":"info","event":"Transformations Applied:","logger":"task.stdout"}
{"timestamp":"2026-04-13T11:02:25.749051Z","level":"info","event":"  ✓ first_name + last_name → full_name","logger":"task.stdout"}
{"timestamp":"2026-04-13T11:02:25.749350Z","level":"info","event":"  ✓ dob: yyyy/mm/dd → dd/mm/yyyy","logger":"task.stdout"}
{"timestamp":"2026-04-13T11:02:25.749597Z","level":"info","event":"  ✓ Skip null/invalid records","logger":"task.stdout"}
{"timestamp":"2026-04-13T11:02:25.749857Z","level":"info","event":"","logger":"task.stdout"}
{"timestamp":"2026-04-13T11:02:25.750243Z","level":"info","event":"File Details:","logger":"task.stdout"}
{"timestamp":"2026-04-13T11:02:25.750751Z","level":"info","event":"  sample_data.json: 10 input → 9 output","logger":"task.stdout"}
{"timestamp":"2026-04-13T11:02:25.751223Z","level":"info","event":"  sample_data_with_issues.json: 1 input → 0 output","logger":"task.stdout"}
{"timestamp":"2026-04-13T11:02:25.751607Z","level":"info","event":"","logger":"task.stdout"}
{"timestamp":"2026-04-13T11:02:25.751970Z","level":"info","event":"Output Format: JSON (not Parquet)","logger":"task.stdout"}
{"timestamp":"2026-04-13T11:02:25.752406Z","level":"info","event":"Status: success","logger":"task.stdout"}
{"timestamp":"2026-04-13T11:02:25.767685Z","level":"info","event":"Done. Returned value was: {'status': 'success', 'timestamp': '2026-04-13T11:02:25.744776', 'files_processed': 2, 'total_records_input': 11, 'total_records_output': 9, 'records_skipped': 2, 'files': [{'filename': 'sample_data.json', 'path': '/opt/airflow/data_folder/sample_data.json', 'rows_input': 10, 'rows_output': 9, 'rows_skipped': 1, 'data': [{'id': 1, 'name': 'John Doe', 'email': 'john@example.com', 'amount': 1500.5, 'date': '2026-01-15', 'description': 'Monthly subscription payment', 'full_name': 'John Doe'}, {'id': 2, 'name': 'Jane Smith', 'email': 'jane@example.com', 'amount': 2500.0, 'date': '2026-01-16', 'description': 'Premium service upgrade', 'full_name': 'Jane Smith'}, {'id': 3, 'name': 'Bob Johnson', 'email': 'bob@example.com', 'amount': -500.0, 'date': '2026-01-17', 'description': 'Refund issued', 'full_name': 'Bob Johnson'}, {'id': 4, 'name': 'Alice Brown', 'email': 'alice@example.com', 'amount': 3000.25, 'date': '2026-01-18', 'description': None, 'full_name': 'Alice Brown'}, {'id': 5, 'name': 'Charlie Wilson', 'email': None, 'amount': 1800.0, 'date': 'invalid-date', 'description': 'Training session', 'full_name': 'Charlie Wilson'}, {'id': 6, 'name': 'Diana Prince', 'email': 'diana@example.com', 'amount': 4200.75, 'date': '2026-01-19', 'description': 'Enterprise license', 'full_name': 'Diana Prince'}, {'id': 8, 'name': 'Eve Davis', 'email': 'eve@example.com', 'amount': 5000.0, 'date': '2026-01-21', 'description': 'Annual contract', 'full_name': 'Eve Davis'}, {'id': 9, 'name': 'George Miller', 'email': None, 'amount': None, 'date': '2026-01-22', 'description': 'Pending review', 'full_name': 'George Miller'}, {'id': 10, 'name': 'Helen Taylor', 'email': 'helen@example.com', 'amount': 1200.0, 'date': '2026-01-23', 'description': 'Monthly renewal', 'full_name': 'Helen Taylor'}]}, {'filename': 'sample_data_with_issues.json', 'path': '/opt/airflow/data_folder/sample_data_with_issues.json', 'rows_input': 1, 'rows_output': 0, 'rows_skipped': 1, 'data': []}], 'transformation_summary': {'sample_data.json': {'input_records': 10, 'output_records': 9, 'skipped_records': 1, 'transformations_applied': ['first_name + last_name → full_name', 'dob: yyyy/mm/dd → dd/mm/yyyy', 'skip records with null full_name or invalid dob']}, 'sample_data_with_issues.json': {'input_records': 1, 'output_records': 0, 'skipped_records': 1, 'transformations_applied': ['first_name + last_name → full_name', 'dob: yyyy/mm/dd → dd/mm/yyyy', 'skip records with null full_name or invalid dob']}}}","logger":"airflow.task.operators.airflow.providers.standard.operators.python.PythonOperator","filename":"python.py","lineno":229}
{"timestamp":"2026-04-13T11:02:25.767948Z","level":"info","event":"Pushing xcom","ti":"RuntimeTaskInstance(id=UUID('019d867f-d421-7d27-a088-fad6cae2e45e'), task_id='transform_data', dag_id='local_etl_pipeline', run_id='manual__2026-04-13T11:00:17.451942+00:00', try_number=1, dag_version_id=UUID('019d8678-ab6d-79da-b839-993a89ef7dd0'), map_index=-1, hostname='aa77711e486e', context_carrier={'traceparent': '00-824041eb5f1d4179469a695bf7c8d74d-7a5f5fa6225c6f8c-01'}, task=<Task(PythonOperator): transform_data>, bundle_instance=LocalDagBundle(name=dags-folder), max_tries=1, start_date=datetime.datetime(2026, 4, 13, 11, 2, 25, 134517, tzinfo=datetime.timezone.utc), end_date=None, state=<TaskInstanceState.RUNNING: 'running'>, is_mapped=False, rendered_map_index=None, sentry_integration='')","logger":"task","filename":"task_runner.py","lineno":1724}
